
> Configure project :
WARNING:The option setting 'android.jetifier.ignorelist=proguard.jar' is experimental.
WARNING:We recommend using a newer Android Gradle plugin to use compileSdk = 34

This Android Gradle plugin (7.2.2) was tested up to compileSdk = 33

This warning can be suppressed by adding
    android.suppressUnsupportedCompileSdk=34
to this project's gradle.properties

The build will continue, but you are strongly encouraged to update your project to
use a newer Android Gradle Plugin that has been tested with compileSdk = 34

> Task :proguard:compileJava
> Task :proguard:processResources NO-SOURCE
> Task :proguard:classes
> Task :proguard:jar
> Task :preBuild UP-TO-DATE
> Task :prePhoneReleaseBuild UP-TO-DATE

> Transform main (project :proguard) with DexingNoClasspathTransform
WARNING:/home/kt5820/talkback/proguard/build/classes/java/main/com/google/android/apps/common/proguard/UsedByNative.class: D8: One or more classes has class file version >= 56 which is not officially supported.

> Task :mergePhoneReleaseJniLibFolders
> Task :braillebrltty:configureNdkBuildRelease[arm64-v8a]

> Task :braillebrltty:buildNdkBuildRelease[arm64-v8a]
C/C++: /home/kt5820/talkback/braille/brltty/src/phone/jni/brlttywrapper/BrlttyWrapper.c:300:27: warning: passing 'jbyte *' (aka 'signed char *') to parameter of type 'unsigned char *' converts between pointers to integer types with different sign [-Wpointer-sign]
C/C++:   if (!brltty_writeWindow(bytes, patternLen)) {
C/C++:                           ^~~~~
C/C++: /home/kt5820/talkback/braille/brltty/src/phone/jni/brlttywrapper/libbrltty.h:89:35: note: passing argument to parameter 'dotPattern' here
C/C++: brltty_writeWindow(unsigned char *dotPattern, size_t size);
C/C++:                                   ^
C/C++: /home/kt5820/talkback/braille/brltty/src/phone/jni/brlttywrapper/BrlttyWrapper.c:360:9: warning: initializing 'char *' with an expression of type 'jbyte *' (aka 'signed char *') converts between pointers to integer types with different sign [-Wpointer-sign]
C/C++:   char *writeptr = b;
C/C++:         ^          ~
C/C++: 2 warnings generated.
C/C++: In file included from /home/kt5820/talkback/braille/brltty/src/phone/jni/brlttywrapper/libbrltty.c:46:
C/C++: /home/kt5820/talkback/braille/brltty/src/phone/jni/brlttywrapper/third_party/brltty/config.h:531:9: warning: 'WRITABLE_DIRECTORY' macro redefined [-Wmacro-redefined]
C/C++: #define WRITABLE_DIRECTORY "/run/brltty"
C/C++:         ^
C/C++: /home/kt5820/talkback/braille/brltty/src/phone/jni/brlttywrapper/third_party/brltty/Headers/prologue.h:408:9: note: previous definition is here
C/C++: #define WRITABLE_DIRECTORY ""
C/C++:         ^
C/C++: /home/kt5820/talkback/braille/brltty/src/phone/jni/brlttywrapper/libbrltty.c:325:52: warning: passing 'char [1]' to parameter of type 'const unsigned char *' converts between pointers to integer types with different sign [-Wpointer-sign]
C/C++:       setLogKeyEventsFlag(brailleDisplay.keyTable, "");
C/C++:                                                    ^~
C/C++: /home/kt5820/talkback/braille/brltty/src/phone/jni/brlttywrapper/third_party/brltty/Headers/ktb.h:65:72: note: passing argument to parameter 'flag' here
C/C++: extern void setLogKeyEventsFlag (KeyTable *table, const unsigned char *flag);
C/C++:                                                                        ^
C/C++: 2 warnings generated.
C/C++: /home/kt5820/talkback/braille/brltty/src/phone/jni/brlttywrapper/third_party/brltty/Programs/gio_hid.c:98:10: warning: returning 'const HidItemsDescriptor *' from a function with result type 'HidItemsDescriptor *' discards qualifiers [-Wincompatible-pointer-types-discards-qualifiers]
C/C++:   return hidGetItems(handle->device);
C/C++:          ^~~~~~~~~~~~~~~~~~~~~~~~~~~
C/C++: 1 warning generated.
C/C++: /home/kt5820/talkback/braille/brltty/src/phone/jni/brlttywrapper/third_party/brltty/Programs/usb.c:235:22: warning: taking address of packed member 'wValue' of class or structure 'UsbSetupPacket' may result in an unaligned pointer value [-Waddress-of-packed-member]
C/C++:   putLittleEndian16(&setup->wValue, value);
C/C++:                      ^~~~~~~~~~~~~
C/C++: /home/kt5820/talkback/braille/brltty/src/phone/jni/brlttywrapper/third_party/brltty/Programs/usb.c:236:22: warning: taking address of packed member 'wIndex' of class or structure 'UsbSetupPacket' may result in an unaligned pointer value [-Waddress-of-packed-member]
C/C++:   putLittleEndian16(&setup->wIndex, index);
C/C++:                      ^~~~~~~~~~~~~
C/C++: /home/kt5820/talkback/braille/brltty/src/phone/jni/brlttywrapper/third_party/brltty/Programs/usb.c:237:22: warning: taking address of packed member 'wLength' of class or structure 'UsbSetupPacket' may result in an unaligned pointer value [-Waddress-of-packed-member]
C/C++:   putLittleEndian16(&setup->wLength, length);
C/C++:                      ^~~~~~~~~~~~~~
C/C++: 3 warnings generated.
C/C++: /home/kt5820/talkback/braille/brltty/src/phone/jni/brlttywrapper/third_party/brltty/Programs/usb_cp2101.c:259:22: warning: taking address of packed member 'handshakeOptions' of class or structure 'USB_CP2101_FlowControl' may result in an unaligned pointer value [-Waddress-of-packed-member]
C/C++:   putLittleEndian32(&newSettings.handshakeOptions, newSettings.handshakeOptions);
C/C++:                      ^~~~~~~~~~~~~~~~~~~~~~~~~~~~
C/C++: /home/kt5820/talkback/braille/brltty/src/phone/jni/brlttywrapper/third_party/brltty/Programs/usb_cp2101.c:260:22: warning: taking address of packed member 'dataFlowOptions' of class or structure 'USB_CP2101_FlowControl' may result in an unaligned pointer value [-Waddress-of-packed-member]
C/C++:   putLittleEndian32(&newSettings.dataFlowOptions, newSettings.dataFlowOptions);
C/C++:                      ^~~~~~~~~~~~~~~~~~~~~~~~~~~
C/C++: 2 warnings generated.
C/C++: /home/kt5820/talkback/braille/brltty/src/phone/jni/brlttywrapper/third_party/brltty/Programs/usb_cp2110.c:84:21: warning: taking address of packed member 'baudRate' of class or structure 'USB_CP2110_UartConfigurationReport' may result in an unaligned pointer value [-Waddress-of-packed-member]
C/C++:     putBigEndian32(&report.baudRate, baud);
C/C++:                     ^~~~~~~~~~~~~~~
C/C++: 1 warning generated.
C/C++: /home/kt5820/talkback/braille/brltty/src/phone/jni/brlttywrapper/third_party/brltty/Programs/usb_cdc_acm.c:139:22: warning: taking address of packed member 'dwDTERate' of class or structure 'USB_CDC_ACM_LineCoding' may result in an unaligned pointer value [-Waddress-of-packed-member]
C/C++:   putLittleEndian32(&lineCoding.dwDTERate, baud);
C/C++:                      ^~~~~~~~~~~~~~~~~~~~
C/C++: 1 warning generated.
C/C++: /home/kt5820/talkback/braille/brltty/src/phone/jni/brlttywrapper/third_party/brltty/Programs/menu.c:42:2: warning: file globbing support not available on this platform [-W#warnings]
C/C++: #warning file globbing support not available on this platform
C/C++:  ^
C/C++: 1 warning generated.
C/C++: /home/kt5820/talkback/braille/brltty/src/phone/jni/brlttywrapper/third_party/brltty/Drivers/Braille/FreedomScientific/braille.c:651:13: warning: initializer overrides prior initialization of this subobject [-Winitializer-overrides]
C/C++:     .baud = 57600
C/C++:             ^~~~~
C/C++: /home/kt5820/talkback/braille/brltty/src/phone/jni/brlttywrapper/third_party/brltty/Drivers/Braille/FreedomScientific/braille.c:650:5: note: previous initialization is here
C/C++:     SERIAL_DEFAULT_PARAMETERS,
C/C++:     ^~~~~~~~~~~~~~~~~~~~~~~~~
C/C++: /home/kt5820/talkback/braille/brltty/src/phone/jni/brlttywrapper/third_party/brltty/Headers/serial_types.h:73:11: note: expanded from macro 'SERIAL_DEFAULT_PARAMETERS'
C/C++:   .baud = SERIAL_DEFAULT_BAUD, \
C/C++:           ^~~~~~~~~~~~~~~~~~~
C/C++: /home/kt5820/talkback/braille/brltty/src/phone/jni/brlttywrapper/third_party/brltty/Headers/serial_types.h:66:29: note: expanded from macro 'SERIAL_DEFAULT_BAUD'
C/C++: #define SERIAL_DEFAULT_BAUD 9600
C/C++:                             ^~~~
C/C++: 1 warning generated.
C/C++: /home/kt5820/talkback/braille/brltty/src/phone/jni/brlttywrapper/third_party/brltty/Drivers/Braille/HumanWare/braille.c:965:13: warning: initializer overrides prior initialization of this subobject [-Winitializer-overrides]
C/C++:     .baud = 115200,
C/C++:             ^~~~~~
C/C++: /home/kt5820/talkback/braille/brltty/src/phone/jni/brlttywrapper/third_party/brltty/Drivers/Braille/HumanWare/braille.c:964:5: note: previous initialization is here
C/C++:     SERIAL_DEFAULT_PARAMETERS,
C/C++:     ^~~~~~~~~~~~~~~~~~~~~~~~~
C/C++: /home/kt5820/talkback/braille/brltty/src/phone/jni/brlttywrapper/third_party/brltty/Headers/serial_types.h:73:11: note: expanded from macro 'SERIAL_DEFAULT_PARAMETERS'
C/C++:   .baud = SERIAL_DEFAULT_BAUD, \
C/C++:           ^~~~~~~~~~~~~~~~~~~
C/C++: /home/kt5820/talkback/braille/brltty/src/phone/jni/brlttywrapper/third_party/brltty/Headers/serial_types.h:66:29: note: expanded from macro 'SERIAL_DEFAULT_BAUD'
C/C++: #define SERIAL_DEFAULT_BAUD 9600
C/C++:                             ^~~~
C/C++: /home/kt5820/talkback/braille/brltty/src/phone/jni/brlttywrapper/third_party/brltty/Drivers/Braille/HumanWare/braille.c:966:15: warning: initializer overrides prior initialization of this subobject [-Winitializer-overrides]
C/C++:     .parity = SERIAL_PARITY_EVEN
C/C++:               ^~~~~~~~~~~~~~~~~~
C/C++: /home/kt5820/talkback/braille/brltty/src/phone/jni/brlttywrapper/third_party/brltty/Drivers/Braille/HumanWare/braille.c:964:5: note: previous initialization is here
C/C++:     SERIAL_DEFAULT_PARAMETERS,
C/C++:     ^~~~~~~~~~~~~~~~~~~~~~~~~
C/C++: /home/kt5820/talkback/braille/brltty/src/phone/jni/brlttywrapper/third_party/brltty/Headers/serial_types.h:76:13: note: expanded from macro 'SERIAL_DEFAULT_PARAMETERS'
C/C++:   .parity = SERIAL_DEFAULT_PARITY, \
C/C++:             ^~~~~~~~~~~~~~~~~~~~~
C/C++: /home/kt5820/talkback/braille/brltty/src/phone/jni/brlttywrapper/third_party/brltty/Headers/serial_types.h:69:31: note: expanded from macro 'SERIAL_DEFAULT_PARITY'
C/C++: #define SERIAL_DEFAULT_PARITY SERIAL_PARITY_NONE
C/C++:                               ^~~~~~~~~~~~~~~~~~
C/C++: 2 warnings generated.
C/C++: /home/kt5820/talkback/braille/brltty/src/phone/jni/brlttywrapper/third_party/brltty/Drivers/Braille/Baum/braille.c:3337:21: warning: initializer overrides prior initialization of this subobject [-Winitializer-overrides]
C/C++:             .baud = brl->data->protocol->serialBaud,
C/C++:                     ^~~~~~~~~~~~~~~~~~~~~~~~~~~~~~~
C/C++: /home/kt5820/talkback/braille/brltty/src/phone/jni/brlttywrapper/third_party/brltty/Drivers/Braille/Baum/braille.c:3336:13: note: previous initialization is here
C/C++:             SERIAL_DEFAULT_PARAMETERS,
C/C++:             ^~~~~~~~~~~~~~~~~~~~~~~~~
C/C++: /home/kt5820/talkback/braille/brltty/src/phone/jni/brlttywrapper/third_party/brltty/Headers/serial_types.h:73:11: note: expanded from macro 'SERIAL_DEFAULT_PARAMETERS'
C/C++:   .baud = SERIAL_DEFAULT_BAUD, \
C/C++:           ^~~~~~~~~~~~~~~~~~~
C/C++: /home/kt5820/talkback/braille/brltty/src/phone/jni/brlttywrapper/third_party/brltty/Headers/serial_types.h:66:29: note: expanded from macro 'SERIAL_DEFAULT_BAUD'
C/C++: #define SERIAL_DEFAULT_BAUD 9600
C/C++:                             ^~~~
C/C++: /home/kt5820/talkback/braille/brltty/src/phone/jni/brlttywrapper/third_party/brltty/Drivers/Braille/Baum/braille.c:3338:23: warning: initializer overrides prior initialization of this subobject [-Winitializer-overrides]
C/C++:             .parity = brl->data->protocol->serialParity
C/C++:                       ^~~~~~~~~~~~~~~~~~~~~~~~~~~~~~~~~
C/C++: /home/kt5820/talkback/braille/brltty/src/phone/jni/brlttywrapper/third_party/brltty/Drivers/Braille/Baum/braille.c:3336:13: note: previous initialization is here
C/C++:             SERIAL_DEFAULT_PARAMETERS,
C/C++:             ^~~~~~~~~~~~~~~~~~~~~~~~~
C/C++: /home/kt5820/talkback/braille/brltty/src/phone/jni/brlttywrapper/third_party/brltty/Headers/serial_types.h:76:13: note: expanded from macro 'SERIAL_DEFAULT_PARAMETERS'
C/C++:   .parity = SERIAL_DEFAULT_PARITY, \
C/C++:             ^~~~~~~~~~~~~~~~~~~~~
C/C++: /home/kt5820/talkback/braille/brltty/src/phone/jni/brlttywrapper/third_party/brltty/Headers/serial_types.h:69:31: note: expanded from macro 'SERIAL_DEFAULT_PARITY'
C/C++: #define SERIAL_DEFAULT_PARITY SERIAL_PARITY_NONE
C/C++:                               ^~~~~~~~~~~~~~~~~~
C/C++: 2 warnings generated.
C/C++: /home/kt5820/talkback/braille/brltty/src/phone/jni/brlttywrapper/third_party/brltty/Drivers/Braille/HIMS/braille.c:556:13: warning: initializer overrides prior initialization of this subobject [-Winitializer-overrides]
C/C++:     .baud = 115200
C/C++:             ^~~~~~
C/C++: /home/kt5820/talkback/braille/brltty/src/phone/jni/brlttywrapper/third_party/brltty/Drivers/Braille/HIMS/braille.c:555:5: note: previous initialization is here
C/C++:     SERIAL_DEFAULT_PARAMETERS,
C/C++:     ^~~~~~~~~~~~~~~~~~~~~~~~~
C/C++: /home/kt5820/talkback/braille/brltty/src/phone/jni/brlttywrapper/third_party/brltty/Headers/serial_types.h:73:11: note: expanded from macro 'SERIAL_DEFAULT_PARAMETERS'
C/C++:   .baud = SERIAL_DEFAULT_BAUD, \
C/C++:           ^~~~~~~~~~~~~~~~~~~
C/C++: /home/kt5820/talkback/braille/brltty/src/phone/jni/brlttywrapper/third_party/brltty/Headers/serial_types.h:66:29: note: expanded from macro 'SERIAL_DEFAULT_BAUD'
C/C++: #define SERIAL_DEFAULT_BAUD 9600
C/C++:                             ^~~~
C/C++: 1 warning generated.
C/C++: /home/kt5820/talkback/braille/brltty/src/phone/jni/brlttywrapper/third_party/brltty/Drivers/Braille/Alva/braille.c:1872:13: warning: initializer overrides prior initialization of this subobject [-Winitializer-overrides]
C/C++:     .baud = 9600
C/C++:             ^~~~
C/C++: /home/kt5820/talkback/braille/brltty/src/phone/jni/brlttywrapper/third_party/brltty/Drivers/Braille/Alva/braille.c:1871:5: note: previous initialization is here
C/C++:     SERIAL_DEFAULT_PARAMETERS,
C/C++:     ^~~~~~~~~~~~~~~~~~~~~~~~~
C/C++: /home/kt5820/talkback/braille/brltty/src/phone/jni/brlttywrapper/third_party/brltty/Headers/serial_types.h:73:11: note: expanded from macro 'SERIAL_DEFAULT_PARAMETERS'
C/C++:   .baud = SERIAL_DEFAULT_BAUD, \
C/C++:           ^~~~~~~~~~~~~~~~~~~
C/C++: /home/kt5820/talkback/braille/brltty/src/phone/jni/brlttywrapper/third_party/brltty/Headers/serial_types.h:66:29: note: expanded from macro 'SERIAL_DEFAULT_BAUD'
C/C++: #define SERIAL_DEFAULT_BAUD 9600
C/C++:                             ^~~~
C/C++: 1 warning generated.
C/C++: /home/kt5820/talkback/braille/brltty/src/phone/jni/brlttywrapper/third_party/brltty/Drivers/Braille/Seika/braille.c:676:13: warning: initializer overrides prior initialization of this subobject [-Winitializer-overrides]
C/C++:     .baud = 9600
C/C++:             ^~~~
C/C++: /home/kt5820/talkback/braille/brltty/src/phone/jni/brlttywrapper/third_party/brltty/Drivers/Braille/Seika/braille.c:675:5: note: previous initialization is here
C/C++:     SERIAL_DEFAULT_PARAMETERS,
C/C++:     ^~~~~~~~~~~~~~~~~~~~~~~~~
C/C++: /home/kt5820/talkback/braille/brltty/src/phone/jni/brlttywrapper/third_party/brltty/Headers/serial_types.h:73:11: note: expanded from macro 'SERIAL_DEFAULT_PARAMETERS'
C/C++:   .baud = SERIAL_DEFAULT_BAUD, \
C/C++:           ^~~~~~~~~~~~~~~~~~~
C/C++: /home/kt5820/talkback/braille/brltty/src/phone/jni/brlttywrapper/third_party/brltty/Headers/serial_types.h:66:29: note: expanded from macro 'SERIAL_DEFAULT_BAUD'
C/C++: #define SERIAL_DEFAULT_BAUD 9600
C/C++:                             ^~~~
C/C++: 1 warning generated.
C/C++: /home/kt5820/talkback/braille/brltty/src/phone/jni/brlttywrapper/third_party/brltty/Drivers/Braille/HandyTech/braille.c:1190:24: warning: taking address of packed member 'year' of class or structure 'HT_DateTime' may result in an unaligned pointer value [-Waddress-of-packed-member]
C/C++:     putLittleEndian16(&payload.year, components.year);
C/C++:                        ^~~~~~~~~~~~
C/C++: /home/kt5820/talkback/braille/brltty/src/phone/jni/brlttywrapper/third_party/brltty/Drivers/Braille/HandyTech/braille.c:1244:13: warning: initializer overrides prior initialization of this subobject [-Winitializer-overrides]
C/C++:     .baud = 19200,
C/C++:             ^~~~~
C/C++: /home/kt5820/talkback/braille/brltty/src/phone/jni/brlttywrapper/third_party/brltty/Drivers/Braille/HandyTech/braille.c:1243:5: note: previous initialization is here
C/C++:     SERIAL_DEFAULT_PARAMETERS,
C/C++:     ^~~~~~~~~~~~~~~~~~~~~~~~~
C/C++: /home/kt5820/talkback/braille/brltty/src/phone/jni/brlttywrapper/third_party/brltty/Headers/serial_types.h:73:11: note: expanded from macro 'SERIAL_DEFAULT_PARAMETERS'
C/C++:   .baud = SERIAL_DEFAULT_BAUD, \
C/C++:           ^~~~~~~~~~~~~~~~~~~
C/C++: /home/kt5820/talkback/braille/brltty/src/phone/jni/brlttywrapper/third_party/brltty/Headers/serial_types.h:66:29: note: expanded from macro 'SERIAL_DEFAULT_BAUD'
C/C++: #define SERIAL_DEFAULT_BAUD 9600
C/C++:                             ^~~~
C/C++: /home/kt5820/talkback/braille/brltty/src/phone/jni/brlttywrapper/third_party/brltty/Drivers/Braille/HandyTech/braille.c:1245:15: warning: initializer overrides prior initialization of this subobject [-Winitializer-overrides]
C/C++:     .parity = SERIAL_PARITY_ODD
C/C++:               ^~~~~~~~~~~~~~~~~
C/C++: /home/kt5820/talkback/braille/brltty/src/phone/jni/brlttywrapper/third_party/brltty/Drivers/Braille/HandyTech/braille.c:1243:5: note: previous initialization is here
C/C++:     SERIAL_DEFAULT_PARAMETERS,
C/C++:     ^~~~~~~~~~~~~~~~~~~~~~~~~
C/C++: /home/kt5820/talkback/braille/brltty/src/phone/jni/brlttywrapper/third_party/brltty/Headers/serial_types.h:76:13: note: expanded from macro 'SERIAL_DEFAULT_PARAMETERS'
C/C++:   .parity = SERIAL_DEFAULT_PARITY, \
C/C++:             ^~~~~~~~~~~~~~~~~~~~~
C/C++: /home/kt5820/talkback/braille/brltty/src/phone/jni/brlttywrapper/third_party/brltty/Headers/serial_types.h:69:31: note: expanded from macro 'SERIAL_DEFAULT_PARITY'
C/C++: #define SERIAL_DEFAULT_PARITY SERIAL_PARITY_NONE
C/C++:                               ^~~~~~~~~~~~~~~~~~
C/C++: 3 warnings generated.

> Task :braillebrltty:configureNdkBuildRelease[armeabi-v7a]

> Task :braillebrltty:buildNdkBuildRelease[armeabi-v7a]
C/C++: /home/kt5820/talkback/braille/brltty/src/phone/jni/brlttywrapper/BrlttyWrapper.c:300:27: warning: passing 'jbyte *' (aka 'signed char *') to parameter of type 'unsigned char *' converts between pointers to integer types with different sign [-Wpointer-sign]
C/C++:   if (!brltty_writeWindow(bytes, patternLen)) {
C/C++:                           ^~~~~
C/C++: /home/kt5820/talkback/braille/brltty/src/phone/jni/brlttywrapper/libbrltty.h:89:35: note: passing argument to parameter 'dotPattern' here
C/C++: brltty_writeWindow(unsigned char *dotPattern, size_t size);
C/C++:                                   ^
C/C++: /home/kt5820/talkback/braille/brltty/src/phone/jni/brlttywrapper/BrlttyWrapper.c:360:9: warning: initializing 'char *' with an expression of type 'jbyte *' (aka 'signed char *') converts between pointers to integer types with different sign [-Wpointer-sign]
C/C++:   char *writeptr = b;
C/C++:         ^          ~
C/C++: 2 warnings generated.
C/C++: In file included from /home/kt5820/talkback/braille/brltty/src/phone/jni/brlttywrapper/libbrltty.c:46:
C/C++: /home/kt5820/talkback/braille/brltty/src/phone/jni/brlttywrapper/third_party/brltty/config.h:531:9: warning: 'WRITABLE_DIRECTORY' macro redefined [-Wmacro-redefined]
C/C++: #define WRITABLE_DIRECTORY "/run/brltty"
C/C++:         ^
C/C++: /home/kt5820/talkback/braille/brltty/src/phone/jni/brlttywrapper/third_party/brltty/Headers/prologue.h:408:9: note: previous definition is here
C/C++: #define WRITABLE_DIRECTORY ""
C/C++:         ^
C/C++: /home/kt5820/talkback/braille/brltty/src/phone/jni/brlttywrapper/libbrltty.c:325:52: warning: passing 'char [1]' to parameter of type 'const unsigned char *' converts between pointers to integer types with different sign [-Wpointer-sign]
C/C++:       setLogKeyEventsFlag(brailleDisplay.keyTable, "");
C/C++:                                                    ^~
C/C++: /home/kt5820/talkback/braille/brltty/src/phone/jni/brlttywrapper/third_party/brltty/Headers/ktb.h:65:72: note: passing argument to parameter 'flag' here
C/C++: extern void setLogKeyEventsFlag (KeyTable *table, const unsigned char *flag);
C/C++:                                                                        ^
C/C++: 2 warnings generated.
C/C++: /home/kt5820/talkback/braille/brltty/src/phone/jni/brlttywrapper/third_party/brltty/Programs/gio_hid.c:98:10: warning: returning 'const HidItemsDescriptor *' from a function with result type 'HidItemsDescriptor *' discards qualifiers [-Wincompatible-pointer-types-discards-qualifiers]
C/C++:   return hidGetItems(handle->device);
C/C++:          ^~~~~~~~~~~~~~~~~~~~~~~~~~~
C/C++: 1 warning generated.
C/C++: /home/kt5820/talkback/braille/brltty/src/phone/jni/brlttywrapper/third_party/brltty/Programs/usb.c:235:22: warning: taking address of packed member 'wValue' of class or structure 'UsbSetupPacket' may result in an unaligned pointer value [-Waddress-of-packed-member]
C/C++:   putLittleEndian16(&setup->wValue, value);
C/C++:                      ^~~~~~~~~~~~~
C/C++: /home/kt5820/talkback/braille/brltty/src/phone/jni/brlttywrapper/third_party/brltty/Programs/usb.c:236:22: warning: taking address of packed member 'wIndex' of class or structure 'UsbSetupPacket' may result in an unaligned pointer value [-Waddress-of-packed-member]
C/C++:   putLittleEndian16(&setup->wIndex, index);
C/C++:                      ^~~~~~~~~~~~~
C/C++: /home/kt5820/talkback/braille/brltty/src/phone/jni/brlttywrapper/third_party/brltty/Programs/usb.c:237:22: warning: taking address of packed member 'wLength' of class or structure 'UsbSetupPacket' may result in an unaligned pointer value [-Waddress-of-packed-member]
C/C++:   putLittleEndian16(&setup->wLength, length);
C/C++:                      ^~~~~~~~~~~~~~
C/C++: 3 warnings generated.
C/C++: /home/kt5820/talkback/braille/brltty/src/phone/jni/brlttywrapper/third_party/brltty/Programs/usb_cp2101.c:259:22: warning: taking address of packed member 'handshakeOptions' of class or structure 'USB_CP2101_FlowControl' may result in an unaligned pointer value [-Waddress-of-packed-member]
C/C++:   putLittleEndian32(&newSettings.handshakeOptions, newSettings.handshakeOptions);
C/C++:                      ^~~~~~~~~~~~~~~~~~~~~~~~~~~~
C/C++: /home/kt5820/talkback/braille/brltty/src/phone/jni/brlttywrapper/third_party/brltty/Programs/usb_cp2101.c:260:22: warning: taking address of packed member 'dataFlowOptions' of class or structure 'USB_CP2101_FlowControl' may result in an unaligned pointer value [-Waddress-of-packed-member]
C/C++:   putLittleEndian32(&newSettings.dataFlowOptions, newSettings.dataFlowOptions);
C/C++:                      ^~~~~~~~~~~~~~~~~~~~~~~~~~~
C/C++: 2 warnings generated.
C/C++: /home/kt5820/talkback/braille/brltty/src/phone/jni/brlttywrapper/third_party/brltty/Programs/usb_cp2110.c:84:21: warning: taking address of packed member 'baudRate' of class or structure 'USB_CP2110_UartConfigurationReport' may result in an unaligned pointer value [-Waddress-of-packed-member]
C/C++:     putBigEndian32(&report.baudRate, baud);
C/C++:                     ^~~~~~~~~~~~~~~
C/C++: 1 warning generated.
C/C++: /home/kt5820/talkback/braille/brltty/src/phone/jni/brlttywrapper/third_party/brltty/Programs/usb_cdc_acm.c:139:22: warning: taking address of packed member 'dwDTERate' of class or structure 'USB_CDC_ACM_LineCoding' may result in an unaligned pointer value [-Waddress-of-packed-member]
C/C++:   putLittleEndian32(&lineCoding.dwDTERate, baud);
C/C++:                      ^~~~~~~~~~~~~~~~~~~~
C/C++: 1 warning generated.
C/C++: /home/kt5820/talkback/braille/brltty/src/phone/jni/brlttywrapper/third_party/brltty/Programs/menu.c:42:2: warning: file globbing support not available on this platform [-W#warnings]
C/C++: #warning file globbing support not available on this platform
C/C++:  ^
C/C++: 1 warning generated.
C/C++: /home/kt5820/talkback/braille/brltty/src/phone/jni/brlttywrapper/third_party/brltty/Drivers/Braille/FreedomScientific/braille.c:651:13: warning: initializer overrides prior initialization of this subobject [-Winitializer-overrides]
C/C++:     .baud = 57600
C/C++:             ^~~~~
C/C++: /home/kt5820/talkback/braille/brltty/src/phone/jni/brlttywrapper/third_party/brltty/Drivers/Braille/FreedomScientific/braille.c:650:5: note: previous initialization is here
C/C++:     SERIAL_DEFAULT_PARAMETERS,
C/C++:     ^~~~~~~~~~~~~~~~~~~~~~~~~
C/C++: /home/kt5820/talkback/braille/brltty/src/phone/jni/brlttywrapper/third_party/brltty/Headers/serial_types.h:73:11: note: expanded from macro 'SERIAL_DEFAULT_PARAMETERS'
C/C++:   .baud = SERIAL_DEFAULT_BAUD, \
C/C++:           ^~~~~~~~~~~~~~~~~~~
C/C++: /home/kt5820/talkback/braille/brltty/src/phone/jni/brlttywrapper/third_party/brltty/Headers/serial_types.h:66:29: note: expanded from macro 'SERIAL_DEFAULT_BAUD'
C/C++: #define SERIAL_DEFAULT_BAUD 9600
C/C++:                             ^~~~
C/C++: 1 warning generated.
C/C++: /home/kt5820/talkback/braille/brltty/src/phone/jni/brlttywrapper/third_party/brltty/Drivers/Braille/HumanWare/braille.c:965:13: warning: initializer overrides prior initialization of this subobject [-Winitializer-overrides]
C/C++:     .baud = 115200,
C/C++:             ^~~~~~
C/C++: /home/kt5820/talkback/braille/brltty/src/phone/jni/brlttywrapper/third_party/brltty/Drivers/Braille/HumanWare/braille.c:964:5: note: previous initialization is here
C/C++:     SERIAL_DEFAULT_PARAMETERS,
C/C++:     ^~~~~~~~~~~~~~~~~~~~~~~~~
C/C++: /home/kt5820/talkback/braille/brltty/src/phone/jni/brlttywrapper/third_party/brltty/Headers/serial_types.h:73:11: note: expanded from macro 'SERIAL_DEFAULT_PARAMETERS'
C/C++:   .baud = SERIAL_DEFAULT_BAUD, \
C/C++:           ^~~~~~~~~~~~~~~~~~~
C/C++: /home/kt5820/talkback/braille/brltty/src/phone/jni/brlttywrapper/third_party/brltty/Headers/serial_types.h:66:29: note: expanded from macro 'SERIAL_DEFAULT_BAUD'
C/C++: #define SERIAL_DEFAULT_BAUD 9600
C/C++:                             ^~~~
C/C++: /home/kt5820/talkback/braille/brltty/src/phone/jni/brlttywrapper/third_party/brltty/Drivers/Braille/HumanWare/braille.c:966:15: warning: initializer overrides prior initialization of this subobject [-Winitializer-overrides]
C/C++:     .parity = SERIAL_PARITY_EVEN
C/C++:               ^~~~~~~~~~~~~~~~~~
C/C++: /home/kt5820/talkback/braille/brltty/src/phone/jni/brlttywrapper/third_party/brltty/Drivers/Braille/HumanWare/braille.c:964:5: note: previous initialization is here
C/C++:     SERIAL_DEFAULT_PARAMETERS,
C/C++:     ^~~~~~~~~~~~~~~~~~~~~~~~~
C/C++: /home/kt5820/talkback/braille/brltty/src/phone/jni/brlttywrapper/third_party/brltty/Headers/serial_types.h:76:13: note: expanded from macro 'SERIAL_DEFAULT_PARAMETERS'
C/C++:   .parity = SERIAL_DEFAULT_PARITY, \
C/C++:             ^~~~~~~~~~~~~~~~~~~~~
C/C++: /home/kt5820/talkback/braille/brltty/src/phone/jni/brlttywrapper/third_party/brltty/Headers/serial_types.h:69:31: note: expanded from macro 'SERIAL_DEFAULT_PARITY'
C/C++: #define SERIAL_DEFAULT_PARITY SERIAL_PARITY_NONE
C/C++:                               ^~~~~~~~~~~~~~~~~~
C/C++: 2 warnings generated.
C/C++: /home/kt5820/talkback/braille/brltty/src/phone/jni/brlttywrapper/third_party/brltty/Drivers/Braille/Baum/braille.c:3337:21: warning: initializer overrides prior initialization of this subobject [-Winitializer-overrides]
C/C++:             .baud = brl->data->protocol->serialBaud,
C/C++:                     ^~~~~~~~~~~~~~~~~~~~~~~~~~~~~~~
C/C++: /home/kt5820/talkback/braille/brltty/src/phone/jni/brlttywrapper/third_party/brltty/Drivers/Braille/Baum/braille.c:3336:13: note: previous initialization is here
C/C++:             SERIAL_DEFAULT_PARAMETERS,
C/C++:             ^~~~~~~~~~~~~~~~~~~~~~~~~
C/C++: /home/kt5820/talkback/braille/brltty/src/phone/jni/brlttywrapper/third_party/brltty/Headers/serial_types.h:73:11: note: expanded from macro 'SERIAL_DEFAULT_PARAMETERS'
C/C++:   .baud = SERIAL_DEFAULT_BAUD, \
C/C++:           ^~~~~~~~~~~~~~~~~~~
C/C++: /home/kt5820/talkback/braille/brltty/src/phone/jni/brlttywrapper/third_party/brltty/Headers/serial_types.h:66:29: note: expanded from macro 'SERIAL_DEFAULT_BAUD'
C/C++: #define SERIAL_DEFAULT_BAUD 9600
C/C++:                             ^~~~
C/C++: /home/kt5820/talkback/braille/brltty/src/phone/jni/brlttywrapper/third_party/brltty/Drivers/Braille/Baum/braille.c:3338:23: warning: initializer overrides prior initialization of this subobject [-Winitializer-overrides]
C/C++:             .parity = brl->data->protocol->serialParity
C/C++:                       ^~~~~~~~~~~~~~~~~~~~~~~~~~~~~~~~~
C/C++: /home/kt5820/talkback/braille/brltty/src/phone/jni/brlttywrapper/third_party/brltty/Drivers/Braille/Baum/braille.c:3336:13: note: previous initialization is here
C/C++:             SERIAL_DEFAULT_PARAMETERS,
C/C++:             ^~~~~~~~~~~~~~~~~~~~~~~~~
C/C++: /home/kt5820/talkback/braille/brltty/src/phone/jni/brlttywrapper/third_party/brltty/Headers/serial_types.h:76:13: note: expanded from macro 'SERIAL_DEFAULT_PARAMETERS'
C/C++:   .parity = SERIAL_DEFAULT_PARITY, \
C/C++:             ^~~~~~~~~~~~~~~~~~~~~
C/C++: /home/kt5820/talkback/braille/brltty/src/phone/jni/brlttywrapper/third_party/brltty/Headers/serial_types.h:69:31: note: expanded from macro 'SERIAL_DEFAULT_PARITY'
C/C++: #define SERIAL_DEFAULT_PARITY SERIAL_PARITY_NONE
C/C++:                               ^~~~~~~~~~~~~~~~~~
C/C++: 2 warnings generated.
C/C++: /home/kt5820/talkback/braille/brltty/src/phone/jni/brlttywrapper/third_party/brltty/Drivers/Braille/HIMS/braille.c:556:13: warning: initializer overrides prior initialization of this subobject [-Winitializer-overrides]
C/C++:     .baud = 115200
C/C++:             ^~~~~~
C/C++: /home/kt5820/talkback/braille/brltty/src/phone/jni/brlttywrapper/third_party/brltty/Drivers/Braille/HIMS/braille.c:555:5: note: previous initialization is here
C/C++:     SERIAL_DEFAULT_PARAMETERS,
C/C++:     ^~~~~~~~~~~~~~~~~~~~~~~~~
C/C++: /home/kt5820/talkback/braille/brltty/src/phone/jni/brlttywrapper/third_party/brltty/Headers/serial_types.h:73:11: note: expanded from macro 'SERIAL_DEFAULT_PARAMETERS'
C/C++:   .baud = SERIAL_DEFAULT_BAUD, \
C/C++:           ^~~~~~~~~~~~~~~~~~~
C/C++: /home/kt5820/talkback/braille/brltty/src/phone/jni/brlttywrapper/third_party/brltty/Headers/serial_types.h:66:29: note: expanded from macro 'SERIAL_DEFAULT_BAUD'
C/C++: #define SERIAL_DEFAULT_BAUD 9600
C/C++:                             ^~~~
C/C++: 1 warning generated.
C/C++: /home/kt5820/talkback/braille/brltty/src/phone/jni/brlttywrapper/third_party/brltty/Drivers/Braille/Alva/braille.c:1872:13: warning: initializer overrides prior initialization of this subobject [-Winitializer-overrides]
C/C++:     .baud = 9600
C/C++:             ^~~~
C/C++: /home/kt5820/talkback/braille/brltty/src/phone/jni/brlttywrapper/third_party/brltty/Drivers/Braille/Alva/braille.c:1871:5: note: previous initialization is here
C/C++:     SERIAL_DEFAULT_PARAMETERS,
C/C++:     ^~~~~~~~~~~~~~~~~~~~~~~~~
C/C++: /home/kt5820/talkback/braille/brltty/src/phone/jni/brlttywrapper/third_party/brltty/Headers/serial_types.h:73:11: note: expanded from macro 'SERIAL_DEFAULT_PARAMETERS'
C/C++:   .baud = SERIAL_DEFAULT_BAUD, \
C/C++:           ^~~~~~~~~~~~~~~~~~~
C/C++: /home/kt5820/talkback/braille/brltty/src/phone/jni/brlttywrapper/third_party/brltty/Headers/serial_types.h:66:29: note: expanded from macro 'SERIAL_DEFAULT_BAUD'
C/C++: #define SERIAL_DEFAULT_BAUD 9600
C/C++:                             ^~~~
C/C++: 1 warning generated.
C/C++: /home/kt5820/talkback/braille/brltty/src/phone/jni/brlttywrapper/third_party/brltty/Drivers/Braille/Seika/braille.c:676:13: warning: initializer overrides prior initialization of this subobject [-Winitializer-overrides]
C/C++:     .baud = 9600
C/C++:             ^~~~
C/C++: /home/kt5820/talkback/braille/brltty/src/phone/jni/brlttywrapper/third_party/brltty/Drivers/Braille/Seika/braille.c:675:5: note: previous initialization is here
C/C++:     SERIAL_DEFAULT_PARAMETERS,
C/C++:     ^~~~~~~~~~~~~~~~~~~~~~~~~
C/C++: /home/kt5820/talkback/braille/brltty/src/phone/jni/brlttywrapper/third_party/brltty/Headers/serial_types.h:73:11: note: expanded from macro 'SERIAL_DEFAULT_PARAMETERS'
C/C++:   .baud = SERIAL_DEFAULT_BAUD, \
C/C++:           ^~~~~~~~~~~~~~~~~~~
C/C++: /home/kt5820/talkback/braille/brltty/src/phone/jni/brlttywrapper/third_party/brltty/Headers/serial_types.h:66:29: note: expanded from macro 'SERIAL_DEFAULT_BAUD'
C/C++: #define SERIAL_DEFAULT_BAUD 9600
C/C++:                             ^~~~
C/C++: 1 warning generated.
C/C++: /home/kt5820/talkback/braille/brltty/src/phone/jni/brlttywrapper/third_party/brltty/Drivers/Braille/HandyTech/braille.c:1190:24: warning: taking address of packed member 'year' of class or structure 'HT_DateTime' may result in an unaligned pointer value [-Waddress-of-packed-member]
C/C++:     putLittleEndian16(&payload.year, components.year);
C/C++:                        ^~~~~~~~~~~~
C/C++: /home/kt5820/talkback/braille/brltty/src/phone/jni/brlttywrapper/third_party/brltty/Drivers/Braille/HandyTech/braille.c:1244:13: warning: initializer overrides prior initialization of this subobject [-Winitializer-overrides]
C/C++:     .baud = 19200,
C/C++:             ^~~~~
C/C++: /home/kt5820/talkback/braille/brltty/src/phone/jni/brlttywrapper/third_party/brltty/Drivers/Braille/HandyTech/braille.c:1243:5: note: previous initialization is here
C/C++:     SERIAL_DEFAULT_PARAMETERS,
C/C++:     ^~~~~~~~~~~~~~~~~~~~~~~~~
C/C++: /home/kt5820/talkback/braille/brltty/src/phone/jni/brlttywrapper/third_party/brltty/Headers/serial_types.h:73:11: note: expanded from macro 'SERIAL_DEFAULT_PARAMETERS'
C/C++:   .baud = SERIAL_DEFAULT_BAUD, \
C/C++:           ^~~~~~~~~~~~~~~~~~~
C/C++: /home/kt5820/talkback/braille/brltty/src/phone/jni/brlttywrapper/third_party/brltty/Headers/serial_types.h:66:29: note: expanded from macro 'SERIAL_DEFAULT_BAUD'
C/C++: #define SERIAL_DEFAULT_BAUD 9600
C/C++:                             ^~~~
C/C++: /home/kt5820/talkback/braille/brltty/src/phone/jni/brlttywrapper/third_party/brltty/Drivers/Braille/HandyTech/braille.c:1245:15: warning: initializer overrides prior initialization of this subobject [-Winitializer-overrides]
C/C++:     .parity = SERIAL_PARITY_ODD
C/C++:               ^~~~~~~~~~~~~~~~~
C/C++: /home/kt5820/talkback/braille/brltty/src/phone/jni/brlttywrapper/third_party/brltty/Drivers/Braille/HandyTech/braille.c:1243:5: note: previous initialization is here
C/C++:     SERIAL_DEFAULT_PARAMETERS,
C/C++:     ^~~~~~~~~~~~~~~~~~~~~~~~~
C/C++: /home/kt5820/talkback/braille/brltty/src/phone/jni/brlttywrapper/third_party/brltty/Headers/serial_types.h:76:13: note: expanded from macro 'SERIAL_DEFAULT_PARAMETERS'
C/C++:   .parity = SERIAL_DEFAULT_PARITY, \
C/C++:             ^~~~~~~~~~~~~~~~~~~~~
C/C++: /home/kt5820/talkback/braille/brltty/src/phone/jni/brlttywrapper/third_party/brltty/Headers/serial_types.h:69:31: note: expanded from macro 'SERIAL_DEFAULT_PARITY'
C/C++: #define SERIAL_DEFAULT_PARITY SERIAL_PARITY_NONE
C/C++:                               ^~~~~~~~~~~~~~~~~~
C/C++: 3 warnings generated.

> Task :braillebrltty:createBrlttyKeyTablesZip UP-TO-DATE
> Task :braillebrltty:preBuild UP-TO-DATE
> Task :braillebrltty:prePhoneReleaseBuild UP-TO-DATE
> Task :braillecommon:preBuild UP-TO-DATE
> Task :braillecommon:prePhoneReleaseBuild UP-TO-DATE
> Task :braillecommon:mergePhoneReleaseJniLibFolders
> Task :braillecommon:mergePhoneReleaseNativeLibs NO-SOURCE
> Task :brailleinterfaces:preBuild UP-TO-DATE
> Task :braillecommon:copyPhoneReleaseJniLibsProjectOnly
> Task :brailleinterfaces:prePhoneReleaseBuild UP-TO-DATE
> Task :brailleinterfaces:mergePhoneReleaseJniLibFolders
> Task :brailleinterfaces:mergePhoneReleaseNativeLibs NO-SOURCE
> Task :brailleinterfaces:copyPhoneReleaseJniLibsProjectOnly
> Task :brailletranslate:configureNdkBuildRelease[arm64-v8a]
> Task :brailletranslate:buildNdkBuildRelease[arm64-v8a]
> Task :brailletranslate:configureNdkBuildRelease[armeabi-v7a]
> Task :brailletranslate:buildNdkBuildRelease[armeabi-v7a]
> Task :brailletranslate:createTranslationTablesZip UP-TO-DATE
> Task :brailletranslate:preBuild UP-TO-DATE
> Task :brailletranslate:prePhoneReleaseBuild UP-TO-DATE
> Task :utils:preBuild UP-TO-DATE
> Task :utils:prePhoneReleaseBuild UP-TO-DATE
> Task :utils:mergePhoneReleaseJniLibFolders
> Task :utils:mergePhoneReleaseNativeLibs NO-SOURCE
> Task :utils:copyPhoneReleaseJniLibsProjectOnly
> Task :brailletranslate:mergePhoneReleaseJniLibFolders
> Task :brailletranslate:externalNativeBuildPhoneRelease
> Task :braillebrltty:mergePhoneReleaseJniLibFolders
> Task :brailledisplay:preBuild UP-TO-DATE
> Task :brailledisplay:prePhoneReleaseBuild UP-TO-DATE
> Task :brailledisplay:mergePhoneReleaseJniLibFolders
> Task :brailledisplay:mergePhoneReleaseNativeLibs NO-SOURCE
> Task :brailledisplay:copyPhoneReleaseJniLibsProjectOnly
> Task :brailledisplayanalytics:preBuild UP-TO-DATE
> Task :brailledisplayanalytics:prePhoneReleaseBuild UP-TO-DATE
> Task :brailledisplayanalytics:mergePhoneReleaseJniLibFolders
> Task :brailledisplayanalytics:mergePhoneReleaseNativeLibs NO-SOURCE
> Task :brailledisplayanalytics:copyPhoneReleaseJniLibsProjectOnly
> Task :brailleime:preBuild UP-TO-DATE
> Task :brailleime:prePhoneReleaseBuild UP-TO-DATE
> Task :brailleime:mergePhoneReleaseJniLibFolders
> Task :brailleime:mergePhoneReleaseNativeLibs NO-SOURCE
> Task :brailleimeanalytics:preBuild UP-TO-DATE
> Task :brailleime:copyPhoneReleaseJniLibsProjectOnly
> Task :brailleimeanalytics:prePhoneReleaseBuild UP-TO-DATE
> Task :brailleimeanalytics:mergePhoneReleaseJniLibFolders
> Task :brailleimeanalytics:mergePhoneReleaseNativeLibs NO-SOURCE
> Task :talkback:preBuild UP-TO-DATE
> Task :talkback:prePhoneReleaseBuild UP-TO-DATE
> Task :brailleimeanalytics:copyPhoneReleaseJniLibsProjectOnly
> Task :talkback:mergePhoneReleaseJniLibFolders
> Task :talkback:mergePhoneReleaseNativeLibs NO-SOURCE
> Task :talkback:copyPhoneReleaseJniLibsProjectOnly
> Task :brailletranslate:mergePhoneReleaseNativeLibs
> Task :desugarPhoneReleaseFileDependencies
> Task :utils:compilePhoneReleaseAidl NO-SOURCE
> Task :brailleinterfaces:compilePhoneReleaseAidl NO-SOURCE
> Task :brailletranslate:compilePhoneReleaseAidl NO-SOURCE
> Task :braillecommon:compilePhoneReleaseAidl NO-SOURCE
> Task :braillebrltty:compilePhoneReleaseAidl NO-SOURCE
> Task :braillecommon:packagePhoneReleaseRenderscript NO-SOURCE
> Task :brailleinterfaces:packagePhoneReleaseRenderscript NO-SOURCE
> Task :checkPhoneReleaseDuplicateClasses
> Task :brailletranslate:packagePhoneReleaseRenderscript NO-SOURCE
> Task :utils:packagePhoneReleaseRenderscript NO-SOURCE
> Task :braillebrltty:compilePhoneReleaseRenderscript NO-SOURCE
> Task :braillebrltty:generatePhoneReleaseBuildConfig
> Task :braillebrltty:generatePhoneReleaseResValues
> Task :braillebrltty:generatePhoneReleaseResources
> Task :braillebrltty:packagePhoneReleaseResources
> Task :braillebrltty:parsePhoneReleaseLocalResources
> Task :braillecommon:compilePhoneReleaseRenderscript NO-SOURCE
> Task :braillecommon:generatePhoneReleaseResValues
> Task :braillecommon:generatePhoneReleaseResources
> Task :brailletranslate:copyPhoneReleaseJniLibsProjectOnly
> Task :braillebrltty:processPhoneReleaseManifest
> Task :braillecommon:packagePhoneReleaseResources
> Task :braillebrltty:externalNativeBuildPhoneRelease
> Task :brailleinterfaces:compilePhoneReleaseRenderscript NO-SOURCE
> Task :brailleinterfaces:generatePhoneReleaseResValues
> Task :braillecommon:parsePhoneReleaseLocalResources
> Task :brailleinterfaces:generatePhoneReleaseResources
> Task :braillecommon:processPhoneReleaseManifest
> Task :brailleinterfaces:packagePhoneReleaseResources
> Task :brailleinterfaces:parsePhoneReleaseLocalResources
> Task :utils:compilePhoneReleaseRenderscript NO-SOURCE
> Task :utils:generatePhoneReleaseResValues
> Task :utils:generatePhoneReleaseResources
> Task :braillebrltty:mergePhoneReleaseNativeLibs
> Task :brailleinterfaces:processPhoneReleaseManifest
> Task :braillebrltty:copyPhoneReleaseJniLibsProjectOnly
> Task :utils:packagePhoneReleaseResources
> Task :brailletranslate:compilePhoneReleaseRenderscript NO-SOURCE
> Task :brailletranslate:generatePhoneReleaseResValues
> Task :brailletranslate:generatePhoneReleaseResources
> Task :utils:parsePhoneReleaseLocalResources
> Task :utils:processPhoneReleaseManifest
> Task :brailletranslate:packagePhoneReleaseResources
> Task :brailletranslate:parsePhoneReleaseLocalResources
> Task :brailletranslate:processPhoneReleaseManifest
> Task :braillebrltty:javaPreCompilePhoneRelease
> Task :braillecommon:generatePhoneReleaseBuildConfig
> Task :braillecommon:javaPreCompilePhoneRelease
> Task :brailleinterfaces:generatePhoneReleaseBuildConfig
> Task :brailleinterfaces:javaPreCompilePhoneRelease
> Task :utils:generatePhoneReleaseBuildConfig
> Task :mergePhoneReleaseNativeLibs
> Task :utils:javaPreCompilePhoneRelease
> Task :brailletranslate:generatePhoneReleaseBuildConfig
> Task :utils:generatePhoneReleaseRFile
> Task :stripPhoneReleaseDebugSymbols
> Task :extractPhoneReleaseNativeSymbolTables
> Task :brailleinterfaces:generatePhoneReleaseRFile
> Task :brailledisplayanalytics:compilePhoneReleaseAidl NO-SOURCE
> Task :brailletranslate:javaPreCompilePhoneRelease
> Task :brailledisplay:compilePhoneReleaseAidl NO-SOURCE
> Task :braillebrltty:packagePhoneReleaseRenderscript NO-SOURCE
> Task :brailledisplayanalytics:packagePhoneReleaseRenderscript NO-SOURCE
> Task :brailledisplay:compilePhoneReleaseRenderscript NO-SOURCE
> Task :brailledisplay:generatePhoneReleaseBuildConfig
> Task :brailledisplay:generatePhoneReleaseResValues
> Task :brailledisplay:generatePhoneReleaseResources
> Task :brailletranslate:generatePhoneReleaseRFile
> Task :brailledisplay:packagePhoneReleaseResources
> Task :brailledisplayanalytics:compilePhoneReleaseRenderscript NO-SOURCE
> Task :mergePhoneReleaseNativeDebugMetadata
> Task :brailledisplayanalytics:generatePhoneReleaseResValues
> Task :brailledisplayanalytics:generatePhoneReleaseResources
> Task :brailledisplay:parsePhoneReleaseLocalResources
> Task :brailledisplayanalytics:packagePhoneReleaseResources
> Task :brailledisplay:processPhoneReleaseManifest
> Task :brailledisplayanalytics:parsePhoneReleaseLocalResources
> Task :brailledisplay:javaPreCompilePhoneRelease
> Task :brailledisplayanalytics:processPhoneReleaseManifest
> Task :brailledisplayanalytics:generatePhoneReleaseBuildConfig
> Task :brailleimeanalytics:compilePhoneReleaseAidl NO-SOURCE
> Task :brailleime:compilePhoneReleaseAidl NO-SOURCE
> Task :brailledisplayanalytics:javaPreCompilePhoneRelease
> Task :brailleimeanalytics:packagePhoneReleaseRenderscript NO-SOURCE
> Task :brailleime:compilePhoneReleaseRenderscript NO-SOURCE
> Task :brailleime:generatePhoneReleaseBuildConfig
> Task :brailleime:generatePhoneReleaseResValues
> Task :brailleime:generatePhoneReleaseResources
> Task :braillecommon:generatePhoneReleaseRFile
> Task :braillebrltty:generatePhoneReleaseRFile
> Task :brailledisplayanalytics:generatePhoneReleaseRFile
> Task :brailleime:packagePhoneReleaseResources
> Task :brailleimeanalytics:compilePhoneReleaseRenderscript NO-SOURCE
> Task :brailleimeanalytics:generatePhoneReleaseResValues
> Task :brailleimeanalytics:generatePhoneReleaseResources
> Task :brailleime:parsePhoneReleaseLocalResources
> Task :brailleimeanalytics:packagePhoneReleaseResources
> Task :brailleime:processPhoneReleaseManifest
> Task :brailleimeanalytics:parsePhoneReleaseLocalResources
> Task :brailleime:javaPreCompilePhoneRelease
> Task :brailleimeanalytics:processPhoneReleaseManifest
> Task :brailleimeanalytics:generatePhoneReleaseBuildConfig
> Task :talkback:compilePhoneReleaseAidl NO-SOURCE
> Task :brailleimeanalytics:javaPreCompilePhoneRelease
> Task :brailledisplay:generatePhoneReleaseRFile
> Task :brailledisplay:packagePhoneReleaseRenderscript NO-SOURCE
> Task :brailleime:packagePhoneReleaseRenderscript NO-SOURCE
> Task :talkback:compilePhoneReleaseRenderscript NO-SOURCE
> Task :talkback:generatePhoneReleaseBuildConfig
> Task :talkback:generatePhoneReleaseResValues
> Task :talkback:generatePhoneReleaseResources
> Task :brailleimeanalytics:generatePhoneReleaseRFile

> Task :utils:compilePhoneReleaseKotlin
w: file:///home/kt5820/talkback/utils/src/main/java/com/google/android/accessibility/utils/coordinate/MagnificationCoordinateConfig.kt:55:39 'getter for scale: Float' is deprecated. Deprecated in Java
w: file:///home/kt5820/talkback/utils/src/main/java/com/google/android/accessibility/utils/coordinate/MagnificationCoordinateConfig.kt:62:45 'getter for centerX: Float' is deprecated. Deprecated in Java
w: file:///home/kt5820/talkback/utils/src/main/java/com/google/android/accessibility/utils/coordinate/MagnificationCoordinateConfig.kt:62:73 'getter for centerY: Float' is deprecated. Deprecated in Java
w: file:///home/kt5820/talkback/utils/src/main/java/com/google/android/accessibility/utils/coordinate/Util.kt:19:35 'getter for defaultDisplay: Display!' is deprecated. Deprecated in Java
w: file:///home/kt5820/talkback/utils/src/main/java/com/google/android/accessibility/utils/coordinate/Util.kt:21:15 'getMetrics(DisplayMetrics!): Unit' is deprecated. Deprecated in Java

> Task :mergeExtDexPhoneRelease
> Task :talkback:packagePhoneReleaseResources

> Task :utils:compilePhoneReleaseJavaWithJavac
Note: Some input files use or override a deprecated API.
Note: Recompile with -Xlint:deprecation for details.
Note: /home/kt5820/talkback/utils/src/main/java/com/google/android/accessibility/utils/ArrayUtils.java uses unchecked or unsafe operations.
Note: Recompile with -Xlint:unchecked for details.

> Task :utils:bundleLibCompileToJarPhoneRelease
> Task :brailleime:generatePhoneReleaseRFile
> Task :brailleinterfaces:compilePhoneReleaseJavaWithJavac
> Task :brailleinterfaces:bundleLibCompileToJarPhoneRelease
> Task :talkback:processPhoneReleaseManifest
> Task :talkback:parsePhoneReleaseLocalResources
> Task :brailletranslate:compilePhoneReleaseJavaWithJavac
> Task :brailletranslate:bundleLibCompileToJarPhoneRelease
> Task :talkback:generatePhoneReleaseRFile

> Task :braillecommon:compilePhoneReleaseJavaWithJavac
Note: /home/kt5820/talkback/braille/common/src/phone/java/com/google/android/accessibility/braille/common/FeedbackManager.java uses or overrides a deprecated API.
Note: Recompile with -Xlint:deprecation for details.

> Task :talkback:javaPreCompilePhoneRelease
> Task :braillecommon:bundleLibCompileToJarPhoneRelease
> Task :brailletranslate:bundleLibRuntimeToDirPhoneRelease
> Task :braillecommon:bundleLibRuntimeToDirPhoneRelease

> Task :braillebrltty:compilePhoneReleaseJavaWithJavac
Note: /home/kt5820/talkback/braille/brltty/src/phone/java/com/google/android/accessibility/braille/brltty/BluetoothConnection.java uses or overrides a deprecated API.
Note: Recompile with -Xlint:deprecation for details.

> Task :braillebrltty:bundleLibCompileToJarPhoneRelease
> Task :brailledisplayanalytics:compilePhoneReleaseJavaWithJavac
> Task :brailledisplayanalytics:bundleLibCompileToJarPhoneRelease
> Task :brailleimeanalytics:compilePhoneReleaseJavaWithJavac

> Task :brailledisplay:compilePhoneReleaseJavaWithJavac
Note: Some input files use or override a deprecated API.
Note: Recompile with -Xlint:deprecation for details.

> Task :brailleimeanalytics:bundleLibCompileToJarPhoneRelease
> Task :brailleimeanalytics:bundleLibRuntimeToDirPhoneRelease
> Task :brailledisplay:bundleLibCompileToJarPhoneRelease
> Task :braillebrltty:bundleLibRuntimeToDirPhoneRelease
> Task :brailledisplay:bundleLibRuntimeToDirPhoneRelease

> Task :brailleime:compilePhoneReleaseJavaWithJavac
Note: Some input files use or override a deprecated API.
Note: Recompile with -Xlint:deprecation for details.

> Task :brailledisplayanalytics:bundleLibRuntimeToDirPhoneRelease
> Task :compilePhoneReleaseAidl NO-SOURCE
> Task :talkback:packagePhoneReleaseRenderscript NO-SOURCE
> Task :compilePhoneReleaseRenderscript NO-SOURCE
> Task :generatePhoneReleaseBuildConfig
> Task :brailleinterfaces:bundleLibRuntimeToDirPhoneRelease
> Task :brailleime:bundleLibCompileToJarPhoneRelease
> Task :javaPreCompilePhoneRelease
> Task :brailleime:bundleLibRuntimeToDirPhoneRelease
> Task :utils:bundleLibRuntimeToDirPhoneRelease

> Task :talkback:compilePhoneReleaseJavaWithJavac FAILED
/home/kt5820/talkback/talkback/src/main/java/com/google/android/accessibility/talkback/actor/DimScreenActor.java:352: error: no suitable method found for returnFeedback(EventId,Part)
    pipeline.returnFeedback(
            ^
    method FeedbackReturner.returnFeedback(EventId,com.google.android.accessibility.talkback.Feedback.Part.Builder) is not applicable
      (argument mismatch; Part cannot be converted to com.google.android.accessibility.talkback.Feedback.Part.Builder)
    method FeedbackReturner.returnFeedback(EventId,com.google.android.accessibility.talkback.Feedback.EditText.Builder) is not applicable
      (argument mismatch; Part cannot be converted to com.google.android.accessibility.talkback.Feedback.EditText.Builder)
    method FeedbackReturner.returnFeedback(EventId,com.google.android.accessibility.talkback.Feedback.Focus.Builder) is not applicable
      (argument mismatch; Part cannot be converted to com.google.android.accessibility.talkback.Feedback.Focus.Builder)
    method FeedbackReturner.returnFeedback(EventId,com.google.android.accessibility.talkback.Feedback.FocusDirection.Builder) is not applicable
      (argument mismatch; Part cannot be converted to com.google.android.accessibility.talkback.Feedback.FocusDirection.Builder)
Note: Some input files use or override a deprecated API.
Note: Recompile with -Xlint:deprecation for details.
Note: Some messages have been simplified; recompile with -Xdiags:verbose to get full output
1 error

FAILURE: Build completed with 2 failures.

1: Task failed with an exception.
-----------
* What went wrong:
Execution failed for task ':talkback:compilePhoneReleaseJavaWithJavac'.
> Compilation failed; see the compiler error output for details.

* Try:
> Run with --stacktrace option to get the stack trace.
> Run with --info or --debug option to get more log output.
> Run with --scan to get full insights.
==============================================================================

2: Task failed with an exception.
-----------
* What went wrong:
java.lang.StackOverflowError (no error message)

* Try:
> Run with --stacktrace option to get the stack trace.
> Run with --info or --debug option to get more log output.
> Run with --scan to get full insights.
==============================================================================

* Get more help at https://help.gradle.org

Deprecated Gradle features were used in this build, making it incompatible with Gradle 8.0.

You can use '--warning-mode all' to show the individual deprecation warnings and determine if they come from your own scripts or plugins.

See https://docs.gradle.org/7.5.1/userguide/command_line_interface.html#sec:command_line_warnings

BUILD FAILED in 28s
145 actionable tasks: 143 executed, 2 up-to-date
